[debug] [2024-11-16T18:55:56.182Z] ----------------------------------------------------------------------
[debug] [2024-11-16T18:55:56.187Z] Command:       C:\Program Files\nodejs\node.exe C:\Users\Reginald Brixton\AppData\Local\pnpm\global\5\node_modules\firebase-tools\lib\bin\firebase.js init
[debug] [2024-11-16T18:55:56.188Z] CLI Version:   13.25.0
[debug] [2024-11-16T18:55:56.188Z] Platform:      win32
[debug] [2024-11-16T18:55:56.188Z] Node Version:  v22.11.0
[debug] [2024-11-16T18:55:56.189Z] Time:          Sat Nov 16 2024 18:55:56 GMT+0000 (Coordinated Universal Time)
[debug] [2024-11-16T18:55:56.189Z] ----------------------------------------------------------------------
[debug] 
[debug] [2024-11-16T18:55:56.198Z] > command requires scopes: ["email","openid","https://www.googleapis.com/auth/cloudplatformprojects.readonly","https://www.googleapis.com/auth/firebase","https://www.googleapis.com/auth/cloud-platform"]
[debug] [2024-11-16T18:55:56.199Z] > authorizing via signed-in user (reginaldbrixton@gmail.com)
[info] 
     ######## #### ########  ######## ########     ###     ######  ########
     ##        ##  ##     ## ##       ##     ##  ##   ##  ##       ##
     ######    ##  ########  ######   ########  #########  ######  ######
     ##        ##  ##    ##  ##       ##     ## ##     ##       ## ##
     ##       #### ##     ## ######## ########  ##     ##  ######  ########

You're about to initialize a Firebase project in this directory:

  C:\Users\Reginald Brixton\Github\capstone-final-project

[info] 
=== Project Setup
[info] 
[info] First, let's associate this project directory with a Firebase project.
[info] You can create multiple project aliases by running firebase use --add, 
[info] but for now we'll just set up a default project.
[info] 
[debug] [2024-11-16T18:56:42.058Z] Checked if tokens are valid: true, expires at: 1731786944702
[debug] [2024-11-16T18:56:42.058Z] Checked if tokens are valid: true, expires at: 1731786944702
[debug] [2024-11-16T18:56:42.059Z] >>> [apiv2][query] GET https://firebase.googleapis.com/v1beta1/projects pageSize=100
[debug] [2024-11-16T18:56:43.122Z] <<< [apiv2][status] GET https://firebase.googleapis.com/v1beta1/projects 200
[debug] [2024-11-16T18:56:43.122Z] <<< [apiv2][body] GET https://firebase.googleapis.com/v1beta1/projects [omitted]
[info] i  Using project sample-firebase-ai-app-e4ee2 (Capstone Project System) 
[info] 
=== Dataconnect Setup
[debug] [2024-11-16T18:56:45.640Z] Checked if tokens are valid: true, expires at: 1731786944702
[debug] [2024-11-16T18:56:45.640Z] Checked if tokens are valid: true, expires at: 1731786944702
[debug] [2024-11-16T18:56:45.640Z] >>> [apiv2][query] GET https://cloudbilling.googleapis.com/v1/projects/sample-firebase-ai-app-e4ee2/billingInfo [none]
[debug] [2024-11-16T18:56:47.038Z] <<< [apiv2][status] GET https://cloudbilling.googleapis.com/v1/projects/sample-firebase-ai-app-e4ee2/billingInfo 200
[debug] [2024-11-16T18:56:47.038Z] <<< [apiv2][body] GET https://cloudbilling.googleapis.com/v1/projects/sample-firebase-ai-app-e4ee2/billingInfo {"name":"projects/sample-firebase-ai-app-e4ee2/billingInfo","projectId":"sample-firebase-ai-app-e4ee2","billingAccountName":"","billingEnabled":false}
[info] i  dataconnect: ensuring required API sqladmin.googleapis.com is enabled... 
[debug] [2024-11-16T18:56:47.039Z] Checked if tokens are valid: true, expires at: 1731786944702
[debug] [2024-11-16T18:56:47.039Z] Checked if tokens are valid: true, expires at: 1731786944702
[debug] [2024-11-16T18:56:47.039Z] >>> [apiv2][query] GET https://serviceusage.googleapis.com/v1/projects/sample-firebase-ai-app-e4ee2/services/sqladmin.googleapis.com [none]
[debug] [2024-11-16T18:56:47.039Z] >>> [apiv2][(partial)header] GET https://serviceusage.googleapis.com/v1/projects/sample-firebase-ai-app-e4ee2/services/sqladmin.googleapis.com x-goog-quota-user=projects/sample-firebase-ai-app-e4ee2
[debug] [2024-11-16T18:56:48.624Z] <<< [apiv2][status] GET https://serviceusage.googleapis.com/v1/projects/sample-firebase-ai-app-e4ee2/services/sqladmin.googleapis.com 200
[debug] [2024-11-16T18:56:48.624Z] <<< [apiv2][body] GET https://serviceusage.googleapis.com/v1/projects/sample-firebase-ai-app-e4ee2/services/sqladmin.googleapis.com [omitted]
[warn] !  dataconnect: missing required API sqladmin.googleapis.com. Enabling now... 
[debug] [2024-11-16T18:56:48.625Z] Checked if tokens are valid: true, expires at: 1731786944702
[debug] [2024-11-16T18:56:48.625Z] Checked if tokens are valid: true, expires at: 1731786944702
[debug] [2024-11-16T18:56:48.625Z] >>> [apiv2][query] POST https://serviceusage.googleapis.com/v1/projects/sample-firebase-ai-app-e4ee2/services/sqladmin.googleapis.com:enable [none]
[debug] [2024-11-16T18:56:48.625Z] >>> [apiv2][(partial)header] POST https://serviceusage.googleapis.com/v1/projects/sample-firebase-ai-app-e4ee2/services/sqladmin.googleapis.com:enable x-goog-quota-user=projects/sample-firebase-ai-app-e4ee2
[debug] [2024-11-16T18:56:49.816Z] <<< [apiv2][status] POST https://serviceusage.googleapis.com/v1/projects/sample-firebase-ai-app-e4ee2/services/sqladmin.googleapis.com:enable 200
[debug] [2024-11-16T18:56:49.816Z] <<< [apiv2][body] POST https://serviceusage.googleapis.com/v1/projects/sample-firebase-ai-app-e4ee2/services/sqladmin.googleapis.com:enable [omitted]
[debug] [2024-11-16T18:56:59.833Z] Checked if tokens are valid: true, expires at: 1731786944702
[debug] [2024-11-16T18:56:59.834Z] Checked if tokens are valid: true, expires at: 1731786944702
[debug] [2024-11-16T18:56:59.834Z] >>> [apiv2][query] GET https://serviceusage.googleapis.com/v1/projects/sample-firebase-ai-app-e4ee2/services/sqladmin.googleapis.com [none]
[debug] [2024-11-16T18:56:59.835Z] >>> [apiv2][(partial)header] GET https://serviceusage.googleapis.com/v1/projects/sample-firebase-ai-app-e4ee2/services/sqladmin.googleapis.com x-goog-quota-user=projects/sample-firebase-ai-app-e4ee2
[debug] [2024-11-16T18:57:01.017Z] <<< [apiv2][status] GET https://serviceusage.googleapis.com/v1/projects/sample-firebase-ai-app-e4ee2/services/sqladmin.googleapis.com 200
[debug] [2024-11-16T18:57:01.018Z] <<< [apiv2][body] GET https://serviceusage.googleapis.com/v1/projects/sample-firebase-ai-app-e4ee2/services/sqladmin.googleapis.com [omitted]
[info] +  dataconnect: required API sqladmin.googleapis.com is enabled 
[info] +  Wrote dataconnect\dataconnect.yaml 
[info] +  Wrote dataconnect\schema\schema.gql 
[info] +  Wrote dataconnect\connector\connector.yaml 
[info] +  Wrote dataconnect\connector\queries.gql 
[info] +  Wrote dataconnect\connector\mutations.gql 
[info] +  Detected WEB app in directory C:\Users\Reginald Brixton\Github\capstone-final-project 
[info] i  Wrote new config to C:\Users\Reginald Brixton\Github\capstone-final-project\dataconnect\connector/connector.yaml 
[info] i  dataconnect: downloading dataconnect-emulator-1.7.0.exe... {"metadata":{"emulator":{"name":"dataconnect"},"message":"downloading dataconnect-emulator-1.7.0.exe..."}}
[debug] [2024-11-16T18:57:06.234Z] >>> [apiv2][query] GET https://storage.googleapis.com/firemat-preview-drop/emulator/dataconnect-emulator-windows-v1.7.0 
[debug] [2024-11-16T18:57:06.966Z] <<< [apiv2][status] GET https://storage.googleapis.com/firemat-preview-drop/emulator/dataconnect-emulator-windows-v1.7.0 200
[debug] [2024-11-16T18:57:06.966Z] <<< [apiv2][body] GET https://storage.googleapis.com/firemat-preview-drop/emulator/dataconnect-emulator-windows-v1.7.0 [stream]
[info] I1116 18:58:06.599987   10728 codegen.go:82] [connector "default" javascriptSdk] Generating sources into "C:\\Users\\Reginald Brixton\\Github\\capstone-final-project\\dataconnect-generated\\js\\default-connector"
I1116 18:58:06.644256   10728 generate.go:40] Generated all sources. Writing them to disk...
I1116 18:58:06.659585   10728 collector.go:107] connector "default" javascriptSdk wrote into "C:\\Users\\Reginald Brixton\\Github\\capstone-final-project\\dataconnect-generated\\js\\default-connector"
Generated sources: index.cjs.js [236B] package.json [623B] index.d.ts [264B] esm\index.esm.js [195B] esm\package.json [17B] 
I1116 18:58:06.671641   10728 installsdk.go:76] Running command: C:\Users\Reginald Brixton\AppData\Roaming\npm\pnpm.cmd add file:dataconnect-generated\js\default-connector

[info] i  Generated SDK code for default 
[info] +  If you'd like to add more generated SDKs to your app your later, run firebase init dataconnect:sdk again 
[info] i  If you'd like to provision a CloudSQL Postgres instance on the Firebase Data Connect no-cost trial:
1. Please upgrade to the pay-as-you-go (Blaze) billing plan. Visit the following page:
     https://console.firebase.google.com/project/sample-firebase-ai-app-e4ee2/usage/details
2. Run firebase init dataconnect again to configure the Cloud SQL instance.
3. Run firebase deploy --only dataconnect to deploy your Data Connect service. 
[info] 
=== Firestore Setup
[debug] [2024-11-16T18:58:13.470Z] Checked if tokens are valid: true, expires at: 1731786944702
[debug] [2024-11-16T18:58:13.470Z] Checked if tokens are valid: true, expires at: 1731786944702
[debug] [2024-11-16T18:58:13.470Z] >>> [apiv2][query] GET https://serviceusage.googleapis.com/v1/projects/sample-firebase-ai-app-e4ee2/services/firestore.googleapis.com [none]
[debug] [2024-11-16T18:58:13.470Z] >>> [apiv2][(partial)header] GET https://serviceusage.googleapis.com/v1/projects/sample-firebase-ai-app-e4ee2/services/firestore.googleapis.com x-goog-quota-user=projects/sample-firebase-ai-app-e4ee2
[debug] [2024-11-16T18:58:14.681Z] <<< [apiv2][status] GET https://serviceusage.googleapis.com/v1/projects/sample-firebase-ai-app-e4ee2/services/firestore.googleapis.com 200
[debug] [2024-11-16T18:58:14.681Z] <<< [apiv2][body] GET https://serviceusage.googleapis.com/v1/projects/sample-firebase-ai-app-e4ee2/services/firestore.googleapis.com [omitted]
[debug] [2024-11-16T18:58:14.681Z] Checked if tokens are valid: true, expires at: 1731786944702
[debug] [2024-11-16T18:58:14.682Z] Checked if tokens are valid: true, expires at: 1731786944702
[debug] [2024-11-16T18:58:14.682Z] >>> [apiv2][query] GET https://firestore.googleapis.com/v1/projects/sample-firebase-ai-app-e4ee2/databases/(default) [none]
[debug] [2024-11-16T18:58:15.773Z] <<< [apiv2][status] GET https://firestore.googleapis.com/v1/projects/sample-firebase-ai-app-e4ee2/databases/(default) 200
[debug] [2024-11-16T18:58:15.773Z] <<< [apiv2][body] GET https://firestore.googleapis.com/v1/projects/sample-firebase-ai-app-e4ee2/databases/(default) {"name":"projects/sample-firebase-ai-app-e4ee2/databases/(default)","uid":"b4865586-701f-4eac-8be3-12d61e4cbb55","createTime":"2024-10-02T01:44:50.333194Z","updateTime":"2024-10-02T01:44:50.333194Z","locationId":"nam5","type":"FIRESTORE_NATIVE","concurrencyMode":"PESSIMISTIC","versionRetentionPeriod":"3600s","earliestVersionTime":"2024-11-16T17:58:17.164028Z","appEngineIntegrationMode":"DISABLED","keyPrefix":"s","pointInTimeRecoveryEnablement":"POINT_IN_TIME_RECOVERY_DISABLED","deleteProtectionState":"DELETE_PROTECTION_DISABLED","etag":"IP7EtKHE4YkDMOnVi9GV34kD"}
[debug] [2024-11-16T18:58:15.773Z] database_type: FIRESTORE_NATIVE
[debug] [2024-11-16T18:58:15.773Z] database_type: FIRESTORE_NATIVE
[debug] [2024-11-16T18:58:15.774Z] > command requires scopes: ["email","openid","https://www.googleapis.com/auth/cloudplatformprojects.readonly","https://www.googleapis.com/auth/firebase","https://www.googleapis.com/auth/cloud-platform"]
[debug] [2024-11-16T18:58:15.774Z] > authorizing via signed-in user (reginaldbrixton@gmail.com)
[debug] [2024-11-16T18:58:15.774Z] [iam] checking project sample-firebase-ai-app-e4ee2 for permissions ["firebase.projects.get"]
[debug] [2024-11-16T18:58:15.774Z] Checked if tokens are valid: true, expires at: 1731786944702
[debug] [2024-11-16T18:58:15.775Z] Checked if tokens are valid: true, expires at: 1731786944702
[debug] [2024-11-16T18:58:15.775Z] >>> [apiv2][query] POST https://cloudresourcemanager.googleapis.com/v1/projects/sample-firebase-ai-app-e4ee2:testIamPermissions [none]
[debug] [2024-11-16T18:58:15.775Z] >>> [apiv2][(partial)header] POST https://cloudresourcemanager.googleapis.com/v1/projects/sample-firebase-ai-app-e4ee2:testIamPermissions x-goog-quota-user=projects/sample-firebase-ai-app-e4ee2
[debug] [2024-11-16T18:58:15.775Z] >>> [apiv2][body] POST https://cloudresourcemanager.googleapis.com/v1/projects/sample-firebase-ai-app-e4ee2:testIamPermissions {"permissions":["firebase.projects.get"]}
[debug] [2024-11-16T18:58:17.116Z] <<< [apiv2][status] POST https://cloudresourcemanager.googleapis.com/v1/projects/sample-firebase-ai-app-e4ee2:testIamPermissions 200
[debug] [2024-11-16T18:58:17.116Z] <<< [apiv2][body] POST https://cloudresourcemanager.googleapis.com/v1/projects/sample-firebase-ai-app-e4ee2:testIamPermissions {"permissions":["firebase.projects.get"]}
[info] 
[info] Firestore Security Rules allow you to define how and when to allow
[info] requests. You can keep these rules in your project directory
[info] and publish them with firebase deploy.
[info] 
